<?xml version="1.0" encoding="UTF-8" ?>
<testsuites>
<testsuite errors="0" failures="1" hostname="bar2" id="1" name="hello_Makefile" package="" tests="1" time=".003" timestamp="Wed Nov 13 15:51:07 PST 2013">
<testcase classname="hello_Makefile" name="run" time=".003">
<failure type="Failure!">
<![CDATA[
make -C /home/ibganev/xstack/ocr/runtime/ocr-x86/examples/./hello  all-test
make: Entering directory `/lustre/home/ibganev/xstack/ocr/runtime/ocr-x86/examples/hello'
Makefile:6: *** OCR_INSTALL not set.  Stop.
make: Leaving directory `/lustre/home/ibganev/xstack/ocr/runtime/ocr-x86/examples/hello'
]]>
</failure>
</testcase>
<system-out><![CDATA[
make -C /home/ibganev/xstack/ocr/runtime/ocr-x86/examples/./hello  all-test
make: Entering directory `/lustre/home/ibganev/xstack/ocr/runtime/ocr-x86/examples/hello'
Makefile:6: *** OCR_INSTALL not set.  Stop.
make: Leaving directory `/lustre/home/ibganev/xstack/ocr/runtime/ocr-x86/examples/hello'
]]></system-out>
<system-err />
</testsuite>
<testsuite errors="0" failures="1" hostname="bar2" id="2" name="smith-waterman_Makefile" package="" tests="1" time=".003" timestamp="Wed Nov 13 15:51:07 PST 2013">
<testcase classname="smith-waterman_Makefile" name="run" time=".003">
<failure type="Failure!">
<![CDATA[
make -C /home/ibganev/xstack/ocr/runtime/ocr-x86/examples/./smith-waterman  all-test
make: Entering directory `/lustre/home/ibganev/xstack/ocr/runtime/ocr-x86/examples/smith-waterman'
Makefile:9: *** OCR_INSTALL not set.  Stop.
make: Leaving directory `/lustre/home/ibganev/xstack/ocr/runtime/ocr-x86/examples/smith-waterman'
]]>
</failure>
</testcase>
<system-out><![CDATA[
make -C /home/ibganev/xstack/ocr/runtime/ocr-x86/examples/./smith-waterman  all-test
make: Entering directory `/lustre/home/ibganev/xstack/ocr/runtime/ocr-x86/examples/smith-waterman'
Makefile:9: *** OCR_INSTALL not set.  Stop.
make: Leaving directory `/lustre/home/ibganev/xstack/ocr/runtime/ocr-x86/examples/smith-waterman'
]]></system-out>
<system-err />
</testsuite>
<testsuite errors="0" failures="1" hostname="bar2" id="3" name="treesum_1level_Makefile" package="" tests="1" time=".045" timestamp="Wed Nov 13 15:51:07 PST 2013">
<testcase classname="treesum_1level_Makefile" name="run" time=".045">
<failure type="Failure!">
<![CDATA[
make -C /home/ibganev/xstack/ocr/runtime/ocr-x86/examples/./treesum_1level  all-test
make: Entering directory `/lustre/home/ibganev/xstack/ocr/runtime/ocr-x86/examples/treesum_1level'
gcc -g -L/lib -I/include -locr -I. treesum_1level.c -o treesum_1level.exe
treesum_1level.c:16:17: fatal error: ocr.h: No such file or directory
 #include "ocr.h"
                 ^
compilation terminated.
make: *** [compile] Error 1
make: Leaving directory `/lustre/home/ibganev/xstack/ocr/runtime/ocr-x86/examples/treesum_1level'
]]>
</failure>
</testcase>
<system-out><![CDATA[
make -C /home/ibganev/xstack/ocr/runtime/ocr-x86/examples/./treesum_1level  all-test
make: Entering directory `/lustre/home/ibganev/xstack/ocr/runtime/ocr-x86/examples/treesum_1level'
gcc -g -L/lib -I/include -locr -I. treesum_1level.c -o treesum_1level.exe
treesum_1level.c:16:17: fatal error: ocr.h: No such file or directory
 #include "ocr.h"
                 ^
compilation terminated.
make: *** [compile] Error 1
make: Leaving directory `/lustre/home/ibganev/xstack/ocr/runtime/ocr-x86/examples/treesum_1level'
]]></system-out>
<system-err />
</testsuite>
<testsuite errors="0" failures="1" hostname="bar2" id="4" name="treesum_2level_Makefile" package="" tests="1" time=".043" timestamp="Wed Nov 13 15:51:07 PST 2013">
<testcase classname="treesum_2level_Makefile" name="run" time=".043">
<failure type="Failure!">
<![CDATA[
make -C /home/ibganev/xstack/ocr/runtime/ocr-x86/examples/./treesum_2level  all-test
make: Entering directory `/lustre/home/ibganev/xstack/ocr/runtime/ocr-x86/examples/treesum_2level'
gcc -g -L/lib -I/include -locr -I. treesum_2level.c -o treesum_2level.exe
treesum_2level.c:16:17: fatal error: ocr.h: No such file or directory
 #include "ocr.h"
                 ^
compilation terminated.
make: *** [compile] Error 1
make: Leaving directory `/lustre/home/ibganev/xstack/ocr/runtime/ocr-x86/examples/treesum_2level'
]]>
</failure>
</testcase>
<system-out><![CDATA[
make -C /home/ibganev/xstack/ocr/runtime/ocr-x86/examples/./treesum_2level  all-test
make: Entering directory `/lustre/home/ibganev/xstack/ocr/runtime/ocr-x86/examples/treesum_2level'
gcc -g -L/lib -I/include -locr -I. treesum_2level.c -o treesum_2level.exe
treesum_2level.c:16:17: fatal error: ocr.h: No such file or directory
 #include "ocr.h"
                 ^
compilation terminated.
make: *** [compile] Error 1
make: Leaving directory `/lustre/home/ibganev/xstack/ocr/runtime/ocr-x86/examples/treesum_2level'
]]></system-out>
<system-err />
</testsuite>
</testsuites>
